This is pdfTeX, Version 3.14159265-2.6-1.40.21 (MiKTeX 20.7) (preloaded format=pdflatex 2020.9.9)  15 OCT 2020 16:27
entering extended mode
**c:/Users/lees19/Desktop/homework/Foundations/homeworks/HW5_Lee/math1550HW5Fall2020(1).tex
(c:/Users/lees19/Desktop/homework/Foundations/homeworks/HW5_Lee/math1550HW5Fall2020(1).tex
LaTeX2e <2020-02-02> patch level 5
L3 programming layer <2020-09-03> ("C:\Program Files\MiKTeX\tex/latex/base\article.cls"
Document Class: article 2019/12/20 v1.4l Standard LaTeX document class
("C:\Program Files\MiKTeX\tex/latex/base\size12.clo"
File: size12.clo 2019/12/20 v1.4l Standard LaTeX file (size option)
)
\c@part=\count168
\c@section=\count169
\c@subsection=\count170
\c@subsubsection=\count171
\c@paragraph=\count172
\c@subparagraph=\count173
\c@figure=\count174
\c@table=\count175
\abovecaptionskip=\skip47
\belowcaptionskip=\skip48
\bibindent=\dimen134
) ("C:\Program Files\MiKTeX\tex/latex/preprint\fullpage.sty"
Package: fullpage 1999/02/23 1.1 (PWD)
\FP@margin=\skip49
) ("C:\Program Files\MiKTeX\tex/latex/geometry\geometry.sty"
Package: geometry 2020/01/02 v5.9 Page Geometry
 ("C:\Program Files\MiKTeX\tex/latex/graphics\keyval.sty"
Package: keyval 2014/10/28 v1.15 key=value parser (DPC)
\KV@toks@=\toks15
) ("C:\Program Files\MiKTeX\tex/generic/iftex\ifvtex.sty"
Package: ifvtex 2019/10/25 v1.7 ifvtex legacy package. Use iftex instead.
 ("C:\Program Files\MiKTeX\tex/generic/iftex\iftex.sty"
Package: iftex 2020/03/06 v1.0d TeX engine tests
))
\Gm@cnth=\count176
\Gm@cntv=\count177
\c@Gm@tempcnt=\count178
\Gm@bindingoffset=\dimen135
\Gm@wd@mp=\dimen136
\Gm@odd@mp=\dimen137
\Gm@even@mp=\dimen138
\Gm@layoutwidth=\dimen139
\Gm@layoutheight=\dimen140
\Gm@layouthoffset=\dimen141
\Gm@layoutvoffset=\dimen142
\Gm@dimlist=\toks16
 ("C:\Program Files\MiKTeX\tex/latex/geometry\geometry.cfg")) ("C:\Program Files\MiKTeX\tex/latex/amsmath\amsmath.sty"
Package: amsmath 2020/01/20 v2.17e AMS math features
\@mathmargin=\skip50

For additional information on amsmath, use the `?' option.
("C:\Program Files\MiKTeX\tex/latex/amsmath\amstext.sty"
Package: amstext 2000/06/29 v2.01 AMS text
 ("C:\Program Files\MiKTeX\tex/latex/amsmath\amsgen.sty"
File: amsgen.sty 1999/11/30 v2.0 generic functions
\@emptytoks=\toks17
\ex@=\dimen143
)) ("C:\Program Files\MiKTeX\tex/latex/amsmath\amsbsy.sty"
Package: amsbsy 1999/11/29 v1.2d Bold Symbols
\pmbraise@=\dimen144
) ("C:\Program Files\MiKTeX\tex/latex/amsmath\amsopn.sty"
Package: amsopn 2016/03/08 v2.02 operator names
)
\inf@bad=\count179
LaTeX Info: Redefining \frac on input line 227.
\uproot@=\count180
\leftroot@=\count181
LaTeX Info: Redefining \overline on input line 389.
\classnum@=\count182
\DOTSCASE@=\count183
LaTeX Info: Redefining \ldots on input line 486.
LaTeX Info: Redefining \dots on input line 489.
LaTeX Info: Redefining \cdots on input line 610.
\Mathstrutbox@=\box45
\strutbox@=\box46
\big@size=\dimen145
LaTeX Font Info:    Redeclaring font encoding OML on input line 733.
LaTeX Font Info:    Redeclaring font encoding OMS on input line 734.
\macc@depth=\count184
\c@MaxMatrixCols=\count185
\dotsspace@=\muskip16
\c@parentequation=\count186
\dspbrk@lvl=\count187
\tag@help=\toks18
\row@=\count188
\column@=\count189
\maxfields@=\count190
\andhelp@=\toks19
\eqnshift@=\dimen146
\alignsep@=\dimen147
\tagshift@=\dimen148
\tagwidth@=\dimen149
\totwidth@=\dimen150
\lineht@=\dimen151
\@envbody=\toks20
\multlinegap=\skip51
\multlinetaggap=\skip52
\mathdisplay@stack=\toks21
LaTeX Info: Redefining \[ on input line 2859.
LaTeX Info: Redefining \] on input line 2860.
) ("C:\Program Files\MiKTeX\tex/latex/amscls\amsthm.sty"
Package: amsthm 2020/05/29 v2.20.6
\thm@style=\toks22
\thm@bodyfont=\toks23
\thm@headfont=\toks24
\thm@notefont=\toks25
\thm@headpunct=\toks26
\thm@preskip=\skip53
\thm@postskip=\skip54
\thm@headsep=\skip55
\dth@everypar=\toks27
) ("C:\Program Files\MiKTeX\tex/latex/amsfonts\amsfonts.sty"
Package: amsfonts 2013/01/14 v3.01 Basic AMSFonts support
\symAMSa=\mathgroup4
\symAMSb=\mathgroup5
LaTeX Font Info:    Redeclaring math symbol \hbar on input line 98.
LaTeX Font Info:    Overwriting math alphabet `\mathfrak' in version `bold'
(Font)                  U/euf/m/n --> U/euf/b/n on input line 106.
) ("C:\Program Files\MiKTeX\tex/latex/amsfonts\amssymb.sty"
Package: amssymb 2013/01/14 v3.01 AMS font symbols
) ("C:\Program Files\MiKTeX\tex/latex/amsmath\amscd.sty"
Package: amscd 2017/04/14 v2.1 AMS Commutative Diagrams
\athelp@=\toks28
\minaw@=\dimen152
\bigaw@=\dimen153
\minCDarrowwidth=\dimen154
) ("C:\Program Files\MiKTeX\tex/latex/lastpage\lastpage.sty"
Package: lastpage 2015/03/29 v1.2m Refers to last page's name (HMM; JPG)
) ("C:\Program Files\MiKTeX\tex/latex/tools\enumerate.sty"
Package: enumerate 2015/07/23 v3.00 enumerate extensions (DPC)
\@enLab=\toks29
) ("C:\Program Files\MiKTeX\tex/latex/fancyhdr\fancyhdr.sty"
Package: fancyhdr 2019/01/31 v3.10 Extensive control of page headers and footers
\f@nch@headwidth=\skip56
\f@nch@O@elh=\skip57
\f@nch@O@erh=\skip58
\f@nch@O@olh=\skip59
\f@nch@O@orh=\skip60
\f@nch@O@elf=\skip61
\f@nch@O@erf=\skip62
\f@nch@O@olf=\skip63
\f@nch@O@orf=\skip64
) ("C:\Program Files\MiKTeX\tex/latex/jknappen\mathrsfs.sty"
Package: mathrsfs 1996/01/01 Math RSFS package v1.0 (jk)
\symrsfs=\mathgroup6
) ("C:\Program Files\MiKTeX\tex/latex/xcolor\xcolor.sty"
Package: xcolor 2016/05/11 v2.12 LaTeX color extensions (UK)
 ("C:\Program Files\MiKTeX\tex/latex/graphics-cfg\color.cfg"
File: color.cfg 2016/01/02 v1.6 sample color configuration
)
Package xcolor Info: Driver file: pdftex.def on input line 225.
 ("C:\Program Files\MiKTeX\tex/latex/graphics-def\pdftex.def"
File: pdftex.def 2020/08/26 v1.2 Graphics/color driver for pdftex
)
Package xcolor Info: Model `cmy' substituted by `cmy0' on input line 1348.
Package xcolor Info: Model `hsb' substituted by `rgb' on input line 1352.
Package xcolor Info: Model `RGB' extended on input line 1364.
Package xcolor Info: Model `HTML' substituted by `rgb' on input line 1366.
Package xcolor Info: Model `Hsb' substituted by `hsb' on input line 1367.
Package xcolor Info: Model `tHsb' substituted by `hsb' on input line 1368.
Package xcolor Info: Model `HSB' substituted by `hsb' on input line 1369.
Package xcolor Info: Model `Gray' substituted by `gray' on input line 1370.
Package xcolor Info: Model `wave' substituted by `hsb' on input line 1371.
) ("C:\Program Files\MiKTeX\tex/latex/graphics\graphicx.sty"
Package: graphicx 2019/11/30 v1.2a Enhanced LaTeX Graphics (DPC,SPQR)
 ("C:\Program Files\MiKTeX\tex/latex/graphics\graphics.sty"
Package: graphics 2019/11/30 v1.4a Standard LaTeX Graphics (DPC,SPQR)
 ("C:\Program Files\MiKTeX\tex/latex/graphics\trig.sty"
Package: trig 2016/01/03 v1.10 sin cos tan (DPC)
) ("C:\Program Files\MiKTeX\tex/latex/graphics-cfg\graphics.cfg"
File: graphics.cfg 2016/06/04 v1.11 sample graphics configuration
)
Package graphics Info: Driver file: pdftex.def on input line 105.
)
\Gin@req@height=\dimen155
\Gin@req@width=\dimen156
) ("C:\Program Files\MiKTeX\tex/latex/listings\listings.sty"
\lst@mode=\count191
\lst@gtempboxa=\box47
\lst@token=\toks30
\lst@length=\count192
\lst@currlwidth=\dimen157
\lst@column=\count193
\lst@pos=\count194
\lst@lostspace=\dimen158
\lst@width=\dimen159
\lst@newlines=\count195
\lst@lineno=\count196
\lst@maxwidth=\dimen160
 ("C:\Program Files\MiKTeX\tex/latex/listings\lstmisc.sty"
File: lstmisc.sty 2020/03/24 1.8d (Carsten Heinz)
\c@lstnumber=\count197
\lst@skipnumbers=\count198
\lst@framebox=\box48
) ("C:\Program Files\MiKTeX\tex/latex/listings\listings.cfg"
File: listings.cfg 2020/03/24 1.8d listings configuration
))
Package: listings 2020/03/24 1.8d (Carsten Heinz)
 ("C:\Program Files\MiKTeX\tex/latex/hyperref\hyperref.sty"
Package: hyperref 2020-05-15 v7.00e Hypertext links for LaTeX
 ("C:\Program Files\MiKTeX\tex/generic/ltxcmds\ltxcmds.sty"
Package: ltxcmds 2019/12/15 v1.24 LaTeX kernel commands for general use (HO)
) ("C:\Program Files\MiKTeX\tex/generic/pdftexcmds\pdftexcmds.sty"
Package: pdftexcmds 2020-06-27 v0.33 Utility functions of pdfTeX for LuaTeX (HO)
 ("C:\Program Files\MiKTeX\tex/generic/infwarerr\infwarerr.sty"
Package: infwarerr 2019/12/03 v1.5 Providing info/warning/error messages (HO)
)
Package pdftexcmds Info: \pdf@primitive is available.
Package pdftexcmds Info: \pdf@ifprimitive is available.
Package pdftexcmds Info: \pdfdraftmode found.
) ("C:\Program Files\MiKTeX\tex/generic/kvsetkeys\kvsetkeys.sty"
Package: kvsetkeys 2019/12/15 v1.18 Key value parser (HO)
) ("C:\Program Files\MiKTeX\tex/generic/kvdefinekeys\kvdefinekeys.sty"
Package: kvdefinekeys 2019-12-19 v1.6 Define keys (HO)
) ("C:\Program Files\MiKTeX\tex/generic/pdfescape\pdfescape.sty"
Package: pdfescape 2019/12/09 v1.15 Implements pdfTeX's escape features (HO)
) ("C:\Program Files\MiKTeX\tex/latex/hycolor\hycolor.sty"
Package: hycolor 2020-01-27 v1.10 Color options for hyperref/bookmark (HO)
) ("C:\Program Files\MiKTeX\tex/latex/letltxmacro\letltxmacro.sty"
Package: letltxmacro 2019/12/03 v1.6 Let assignment for LaTeX macros (HO)
) ("C:\Program Files\MiKTeX\tex/latex/auxhook\auxhook.sty"
Package: auxhook 2019-12-17 v1.6 Hooks for auxiliary files (HO)
) ("C:\Program Files\MiKTeX\tex/latex/kvoptions\kvoptions.sty"
Package: kvoptions 2019/11/29 v3.13 Key value format for package options (HO)
)
\@linkdim=\dimen161
\Hy@linkcounter=\count199
\Hy@pagecounter=\count266
 ("C:\Program Files\MiKTeX\tex/latex/hyperref\pd1enc.def"
File: pd1enc.def 2020-05-15 v7.00e Hyperref: PDFDocEncoding definition (HO)
Now handling font encoding PD1 ...
... no UTF-8 mapping file for font encoding PD1
) ("C:\Program Files\MiKTeX\tex/generic/intcalc\intcalc.sty"
Package: intcalc 2019/12/15 v1.3 Expandable calculations with integers (HO)
) ("C:\Program Files\MiKTeX\tex/generic/etexcmds\etexcmds.sty"
Package: etexcmds 2019/12/15 v1.7 Avoid name clashes with e-TeX commands (HO)
)
\Hy@SavedSpaceFactor=\count267
Package hyperref Info: Hyper figures OFF on input line 4464.
Package hyperref Info: Link nesting OFF on input line 4469.
Package hyperref Info: Hyper index ON on input line 4472.
Package hyperref Info: Plain pages OFF on input line 4479.
Package hyperref Info: Backreferencing OFF on input line 4484.
Package hyperref Info: Implicit mode ON; LaTeX internals redefined.
Package hyperref Info: Bookmarks ON on input line 4717.
\c@Hy@tempcnt=\count268
 ("C:\Program Files\MiKTeX\tex/latex/url\url.sty"
\Urlmuskip=\muskip17
Package: url 2013/09/16  ver 3.4  Verb mode for urls, etc.
)
LaTeX Info: Redefining \url on input line 5076.
\XeTeXLinkMargin=\dimen162
 ("C:\Program Files\MiKTeX\tex/generic/bitset\bitset.sty"
Package: bitset 2019/12/09 v1.3 Handle bit-vector datatype (HO)
 ("C:\Program Files\MiKTeX\tex/generic/bigintcalc\bigintcalc.sty"
Package: bigintcalc 2019/12/15 v1.5 Expandable calculations on big integers (HO)
))
\Fld@menulength=\count269
\Field@Width=\dimen163
\Fld@charsize=\dimen164
Package hyperref Info: Hyper figures OFF on input line 6347.
Package hyperref Info: Link nesting OFF on input line 6352.
Package hyperref Info: Hyper index ON on input line 6355.
Package hyperref Info: backreferencing OFF on input line 6362.
Package hyperref Info: Link coloring OFF on input line 6367.
Package hyperref Info: Link coloring with OCG OFF on input line 6372.
Package hyperref Info: PDF/A mode OFF on input line 6377.
LaTeX Info: Redefining \ref on input line 6417.
LaTeX Info: Redefining \pageref on input line 6421.
 ("C:\Program Files\MiKTeX\tex/generic/atbegshi\atbegshi.sty"
Package: atbegshi 2019/12/05 v1.19 At begin shipout hook (HO)
)
\Hy@abspage=\count270
\c@Item=\count271
\c@Hfootnote=\count272
)
Package hyperref Info: Driver (autodetected): hpdftex.
 ("C:\Program Files\MiKTeX\tex/latex/hyperref\hpdftex.def"
File: hpdftex.def 2020-05-15 v7.00e Hyperref driver for pdfTeX
 ("C:\Program Files\MiKTeX\tex/latex/atveryend\atveryend.sty"
Package: atveryend 2019-12-11 v1.11 Hooks at the very end of document (HO)
Package atveryend Info: \enddocument detected (standard20110627).
)
\Fld@listcount=\count273
\c@bookmark@seq@number=\count274
 ("C:\Program Files\MiKTeX\tex/latex/rerunfilecheck\rerunfilecheck.sty"
Package: rerunfilecheck 2019/12/05 v1.9 Rerun checks for auxiliary files (HO)
 ("C:\Program Files\MiKTeX\tex/generic/uniquecounter\uniquecounter.sty"
Package: uniquecounter 2019/12/15 v1.4 Provide unlimited unique counter (HO)
)
Package uniquecounter Info: New unique counter `rerunfilecheck' on input line 286.
)
\Hy@SectionHShift=\skip65
)
Package hyperref Info: Option `colorlinks' set `true' on input line 18.
 ("C:\Program Files\MiKTeX\tex/latex/l3backend\l3backend-pdftex.def"
File: l3backend-pdftex.def 2020-09-01 L3 backend support: PDF output (pdfTeX)
\l__kernel_color_stack_int=\count275
\l__pdf_internal_box=\box49
) (c:/Users\lees19\Desktop\homework\Foundations\homeworks\HW5_Lee\math1550HW5Fall2020(1).aux)
\openout1 = `math1550HW5Fall2020(1).aux'.

LaTeX Font Info:    Checking defaults for OML/cmm/m/it on input line 35.
LaTeX Font Info:    ... okay on input line 35.
LaTeX Font Info:    Checking defaults for OMS/cmsy/m/n on input line 35.
LaTeX Font Info:    ... okay on input line 35.
LaTeX Font Info:    Checking defaults for OT1/cmr/m/n on input line 35.
LaTeX Font Info:    ... okay on input line 35.
LaTeX Font Info:    Checking defaults for T1/cmr/m/n on input line 35.
LaTeX Font Info:    ... okay on input line 35.
LaTeX Font Info:    Checking defaults for TS1/cmr/m/n on input line 35.
LaTeX Font Info:    ... okay on input line 35.
LaTeX Font Info:    Checking defaults for OMX/cmex/m/n on input line 35.
LaTeX Font Info:    ... okay on input line 35.
LaTeX Font Info:    Checking defaults for U/cmr/m/n on input line 35.
LaTeX Font Info:    ... okay on input line 35.
LaTeX Font Info:    Checking defaults for PD1/pdf/m/n on input line 35.
LaTeX Font Info:    ... okay on input line 35.

*geometry* driver: auto-detecting
*geometry* detected driver: pdftex
*geometry* verbose mode - [ preamble ] result:
* driver: pdftex
* paper: letterpaper
* layout: <same size as paper>
* layoutoffset:(h,v)=(0.0pt,0.0pt)
* modes: 
* h-part:(L,W,R)=(71.13188pt, 472.03123pt, 71.13188pt)
* v-part:(T,H,B)=(56.9055pt, 610.02708pt, 128.0374pt)
* \paperwidth=614.295pt
* \paperheight=794.96999pt
* \textwidth=472.03123pt
* \textheight=610.02708pt
* \oddsidemargin=-1.1381pt
* \evensidemargin=-1.1381pt
* \topmargin=-15.36449pt
* \headheight=0.0pt
* \headsep=0.0pt
* \topskip=12.0pt
* \footskip=30.0pt
* \marginparwidth=44.0pt
* \marginparsep=10.0pt
* \columnsep=10.0pt
* \skip\footins=10.8pt plus 4.0pt minus 2.0pt
* \hoffset=0.0pt
* \voffset=0.0pt
* \mag=1000
* \@twocolumnfalse
* \@twosidefalse
* \@mparswitchfalse
* \@reversemarginfalse
* (1in=72.27pt=25.4mm, 1cm=28.453pt)

Package lastpage Info: Please have a look at the pageslts package at
(lastpage)             https://www.ctan.org/pkg/pageslts
(lastpage)             ! on input line 35.
("C:\Program Files\MiKTeX\tex/context/base/mkii\supp-pdf.mkii"
[Loading MPS to PDF converter (version 2006.09.02).]
\scratchcounter=\count276
\scratchdimen=\dimen165
\scratchbox=\box50
\nofMPsegments=\count277
\nofMParguments=\count278
\everyMPshowfont=\toks31
\MPscratchCnt=\count279
\MPscratchDim=\dimen166
\MPnumerator=\count280
\makeMPintoPDFobject=\count281
\everyMPtoPDFconversion=\toks32
) ("C:\Program Files\MiKTeX\tex/latex/epstopdf-pkg\epstopdf-base.sty"
Package: epstopdf-base 2020-01-24 v2.11 Base part for package epstopdf
Package epstopdf-base Info: Redefining graphics rule for `.eps' on input line 485.
)
\c@lstlisting=\count282
\AtBeginShipoutBox=\box51
Package hyperref Info: Link coloring ON on input line 35.
 ("C:\Program Files\MiKTeX\tex/latex/hyperref\nameref.sty"
Package: nameref 2019/09/16 v2.46 Cross-referencing by name of section
 ("C:\Program Files\MiKTeX\tex/latex/refcount\refcount.sty"
Package: refcount 2019/12/15 v3.6 Data extraction from label references (HO)
) ("C:\Program Files\MiKTeX\tex/generic/gettitlestring\gettitlestring.sty"
Package: gettitlestring 2019/12/15 v1.6 Cleanup title references (HO)
)
\c@section@level=\count283
)
LaTeX Info: Redefining \ref on input line 35.
LaTeX Info: Redefining \pageref on input line 35.
LaTeX Info: Redefining \nameref on input line 35.
 (c:/Users\lees19\Desktop\homework\Foundations\homeworks\HW5_Lee\math1550HW5Fall2020(1).out) (c:/Users\lees19\Desktop\homework\Foundations\homeworks\HW5_Lee\math1550HW5Fall2020(1).out)
\@outlinefile=\write3
\openout3 = `math1550HW5Fall2020(1).out'.

LaTeX Font Info:    Trying to load font information for U+msa on input line 47.
 ("C:\Program Files\MiKTeX\tex/latex/amsfonts\umsa.fd"
File: umsa.fd 2013/01/14 v3.01 AMS symbols A
)
LaTeX Font Info:    Trying to load font information for U+msb on input line 47.
 ("C:\Program Files\MiKTeX\tex/latex/amsfonts\umsb.fd"
File: umsb.fd 2013/01/14 v3.01 AMS symbols B
)
LaTeX Font Info:    Trying to load font information for U+rsfs on input line 47.
 ("C:\Program Files\MiKTeX\tex/latex/jknappen\ursfs.fd"
File: ursfs.fd 1998/03/24 rsfs font definition file (jk)
)
<number1bcode.png, id=3, 365.86688pt x 222.07968pt>
File: number1bcode.png Graphic file (type png)
<use number1bcode.png>
Package pdftex.def Info: number1bcode.png  used on input line 71.
(pdftex.def)             Requested size: 365.86598pt x 222.07913pt.
<number1b.png, id=4, 673.01437pt x 46.67438pt>
File: number1b.png Graphic file (type png)
<use number1b.png>
Package pdftex.def Info: number1b.png  used on input line 72.
(pdftex.def)             Requested size: 471.10684pt x 32.67181pt.

Overfull \hbox (54.29999pt too wide) in paragraph at lines 70--74
[] 
 []

[1

{C:/Users/lees19/AppData/Local/MiKTeX/pdftex/config/pdftex.map} <c:/Users/lees19/Desktop/homework/Foundations/homeworks/HW5_Lee/number1bcode.png> <c:/Users/lees19/Desktop/homework/Foundations/homeworks/HW5_Lee/number1b.png>]
<number1ccode.png, id=15, 276.28218pt x 374.90062pt>
File: number1ccode.png Graphic file (type png)
<use number1ccode.png>
Package pdftex.def Info: number1ccode.png  used on input line 77.
(pdftex.def)             Requested size: 276.2815pt x 374.8997pt.
<number1c.png, id=16, 670.00313pt x 542.77782pt>
File: number1c.png Graphic file (type png)
<use number1c.png>
Package pdftex.def Info: number1c.png  used on input line 78.
(pdftex.def)             Requested size: 670.0015pt x 542.77649pt.

Overfull \hbox (227.34496pt too wide) in paragraph at lines 77--80
[]
 []

[2 <c:/Users/lees19/Desktop/homework/Foundations/homeworks/HW5_Lee/number1ccode.png>] [3 <c:/Users/lees19/Desktop/homework/Foundations/homeworks/HW5_Lee/number1c.png>]
Underfull \hbox (badness 10000) in paragraph at lines 97--100

 []

<number2pval.png, id=25, 684.30656pt x 283.0575pt>
File: number2pval.png Graphic file (type png)
<use number2pval.png>
Package pdftex.def Info: number2pval.png  used on input line 101.
(pdftex.def)             Requested size: 479.01132pt x 198.13889pt.

Overfull \hbox (36.35478pt too wide) in paragraph at lines 101--102
[][] 
 []

<number2.png, id=26, 520.19344pt x 266.49562pt>
File: number2.png Graphic file (type png)
<use number2.png>
Package pdftex.def Info: number2.png  used on input line 106.
(pdftex.def)             Requested size: 520.19215pt x 266.49496pt.

Overfull \hbox (77.53561pt too wide) in paragraph at lines 103--107
[] 
 []

[4 <c:/Users/lees19/Desktop/homework/Foundations/homeworks/HW5_Lee/number2pval.png>]
Underfull \hbox (badness 10000) in paragraph at lines 108--110

 []

<number2error.png, id=37, 156.585pt x 156.585pt>
File: number2error.png Graphic file (type png)
<use number2error.png>
Package pdftex.def Info: number2error.png  used on input line 113.
(pdftex.def)             Requested size: 156.58461pt x 156.58461pt.

Underfull \hbox (badness 10000) in paragraph at lines 121--124

 []

[5 <c:/Users/lees19/Desktop/homework/Foundations/homeworks/HW5_Lee/number2.png> <c:/Users/lees19/Desktop/homework/Foundations/homeworks/HW5_Lee/number2error.png>]
<number3.png, id=43, 383.4325pt x 279.0425pt>
File: number3.png Graphic file (type png)
<use number3.png>
Package pdftex.def Info: number3.png  used on input line 127.
(pdftex.def)             Requested size: 383.43156pt x 279.04181pt.
<number3excel.png, id=45, 362.007pt x 217.467pt>
File: number3excel.png Graphic file (type png)
<use number3excel.png>
Package pdftex.def Info: number3excel.png  used on input line 136.
(pdftex.def)             Requested size: 362.00612pt x 217.46645pt.
 [6 <c:/Users/lees19/Desktop/homework/Foundations/homeworks/HW5_Lee/number3.png>]
<number4py.png, id=52, 382.42876pt x 248.93pt>
File: number4py.png Graphic file (type png)
<use number4py.png>
Package pdftex.def Info: number4py.png  used on input line 158.
(pdftex.def)             Requested size: 382.42781pt x 248.92938pt.
<number4excel.png, id=53, 362.007pt x 217.248pt>
File: number4excel.png Graphic file (type png)
<use number4excel.png>
Package pdftex.def Info: number4excel.png  used on input line 159.
(pdftex.def)             Requested size: 362.00612pt x 217.24747pt.
 [7 <c:/Users/lees19/Desktop/homework/Foundations/homeworks/HW5_Lee/number3excel.png>]
<number4pygraph.png, id=61, 362.10281pt x 339.51843pt>
File: number4pygraph.png Graphic file (type png)
<use number4pygraph.png>
Package pdftex.def Info: number4pygraph.png  used on input line 162.
(pdftex.def)             Requested size: 325.88951pt x 305.56375pt.
<number4excelgraph.png, id=62, 145.29282pt x 452.4403pt>
File: number4excelgraph.png Graphic file (type png)
<use number4excelgraph.png>
Package pdftex.def Info: number4excelgraph.png  used on input line 163.
(pdftex.def)             Requested size: 98.79779pt x 307.65533pt.

Overfull \hbox (10.49153pt too wide) in paragraph at lines 161--164
[] [] 
 []

[8 <c:/Users/lees19/Desktop/homework/Foundations/homeworks/HW5_Lee/number4py.png> <c:/Users/lees19/Desktop/homework/Foundations/homeworks/HW5_Lee/number4excel.png>] [9 <c:/Users/lees19/Desktop/homework/Foundations/homeworks/HW5_Lee/number4pygraph.png> <c:/Users/lees19/Desktop/homework/Foundations/homeworks/HW5_Lee/number4excelgraph.png>] 
AED: lastpage setting LastPage
[10]
Package atveryend Info: Empty hook `BeforeClearDocument' on input line 200.
Package atveryend Info: Empty hook `AfterLastShipout' on input line 200.
 (c:/Users\lees19\Desktop\homework\Foundations\homeworks\HW5_Lee\math1550HW5Fall2020(1).aux)
Package atveryend Info: Executing hook `AtVeryEndDocument' on input line 200.
Package atveryend Info: Executing hook `AtEndAfterFileList' on input line 200.
Package rerunfilecheck Info: File `math1550HW5Fall2020(1).out' has not changed.
(rerunfilecheck)             Checksum: D41D8CD98F00B204E9800998ECF8427E;0.
Package atveryend Info: Empty hook `AtVeryVeryEnd' on input line 200.
 ) 
Here is how much of TeX's memory you used:
 8937 strings out of 481199
 129361 string characters out of 2915347
 408897 words of memory out of 3000000
 24347 multiletter control sequences out of 15000+200000
 541387 words of font info for 54 fonts, out of 3000000 for 9000
 1141 hyphenation exceptions out of 8191
 43i,9n,45p,382b,482s stack positions out of 5000i,500n,10000p,200000b,50000s
 <C:\Users\lees19\AppData\Local\MiKTeX\fonts/pk/ljfour/jknappen/ec/dpi600\tcrm1200.pk><C:/Program Files/MiKTeX/fonts/type1/public/amsfonts/cm/cmbx12.pfb><C:/Program Files/MiKTeX/fonts/type1/public/amsfonts/cm/cmmi12.pfb><C:/Program Files/MiKTeX/fonts/type1/public/amsfonts/cm/cmmi8.pfb><C:/Program Files/MiKTeX/fonts/type1/public/amsfonts/cm/cmr12.pfb><C:/Program Files/MiKTeX/fonts/type1/public/amsfonts/cm/cmr6.pfb><C:/Program Files/MiKTeX/fonts/type1/public/amsfonts/cm/cmr8.pfb><C:/Program Files/MiKTeX/fonts/type1/public/amsfonts/cm/cmsy10.pfb><C:/Program Files/MiKTeX/fonts/type1/public/amsfonts/cm/cmsy8.pfb><C:/Program Files/MiKTeX/fonts/type1/public/amsfonts/cm/cmti12.pfb><C:/Program Files/MiKTeX/fonts/type1/public/amsfonts/cm/cmtt12.pfb>
Output written on c:/Users\lees19\Desktop\homework\Foundations\homeworks\HW5_Lee\math1550HW5Fall2020(1).pdf (10 pages, 364473 bytes).
PDF statistics:
 122 PDF objects out of 1000 (max. 8388607)
 18 named destinations out of 1000 (max. 500000)
 66 words of extra memory for PDF output out of 10000 (max. 10000000)

